<?xml version="1.0" encoding="UTF-8"?>
<!-- Generated by org.testng.reporters.JUnitXMLReporter -->
<testsuite ignored="0" hostname="AssemMusallam" failures="0" tests="6" name="Default test" time="9.58" errors="0" timestamp="2024-06-21T17:39:42 EET">
  <testcase classname="Tests" name="checkTheLanguage" time="0.059"/>
  <testcase classname="Tests" name="SARCurrency" time="0.054"/>
  <testcase classname="Tests" name="contactNumber" time="0.038"/>
  <testcase classname="Tests" name="checkQitafLogoAvailability" time="0.094"/>
  <testcase classname="Tests" name="checkHotelIfNotSelected" time="0.043"/>
  <testcase classname="Tests" name="checkDepartureAndReturnDates" time="0.077"/>
</testsuite> <!-- Default test -->
