<?xml version="1.0" encoding="UTF-8"?>
<testng-results ignored="0" total="6" passed="6" failed="0" skipped="0">
  <reporter-output>
  </reporter-output>
  <suite started-at="2024-06-21T17:39:33 EET" name="Default suite" finished-at="2024-06-21T17:39:42 EET" duration-ms="9580">
    <groups>
    </groups>
    <test started-at="2024-06-21T17:39:33 EET" name="Default test" finished-at="2024-06-21T17:39:42 EET" duration-ms="9580">
      <class name="Tests">
        <test-method is-config="true" signature="setup()[pri:0, instance:Tests@319bc845]" started-at="2024-06-21T17:39:33 EET" name="setup" finished-at="2024-06-21T17:39:42 EET" duration-ms="9136" status="PASS">
          <reporter-output>
          </reporter-output>
        </test-method> <!-- setup -->
        <test-method signature="checkTheLanguage()[pri:1, instance:Tests@319bc845]" started-at="2024-06-21T17:39:42 EET" name="checkTheLanguage" finished-at="2024-06-21T17:39:42 EET" duration-ms="59" status="PASS">
          <reporter-output>
          </reporter-output>
        </test-method> <!-- checkTheLanguage -->
        <test-method signature="SARCurrency()[pri:2, instance:Tests@319bc845]" started-at="2024-06-21T17:39:42 EET" name="SARCurrency" finished-at="2024-06-21T17:39:42 EET" duration-ms="54" status="PASS">
          <reporter-output>
          </reporter-output>
        </test-method> <!-- SARCurrency -->
        <test-method signature="contactNumber()[pri:3, instance:Tests@319bc845]" started-at="2024-06-21T17:39:42 EET" name="contactNumber" finished-at="2024-06-21T17:39:42 EET" duration-ms="38" status="PASS">
          <reporter-output>
          </reporter-output>
        </test-method> <!-- contactNumber -->
        <test-method signature="checkQitafLogoAvailability()[pri:4, instance:Tests@319bc845]" started-at="2024-06-21T17:39:42 EET" name="checkQitafLogoAvailability" finished-at="2024-06-21T17:39:42 EET" duration-ms="94" status="PASS">
          <reporter-output>
          </reporter-output>
        </test-method> <!-- checkQitafLogoAvailability -->
        <test-method signature="checkHotelIfNotSelected()[pri:5, instance:Tests@319bc845]" started-at="2024-06-21T17:39:42 EET" name="checkHotelIfNotSelected" finished-at="2024-06-21T17:39:42 EET" duration-ms="43" status="PASS">
          <reporter-output>
          </reporter-output>
        </test-method> <!-- checkHotelIfNotSelected -->
        <test-method signature="checkDepartureAndReturnDates()[pri:6, instance:Tests@319bc845]" started-at="2024-06-21T17:39:42 EET" name="checkDepartureAndReturnDates" finished-at="2024-06-21T17:39:42 EET" duration-ms="77" status="PASS">
          <reporter-output>
          </reporter-output>
        </test-method> <!-- checkDepartureAndReturnDates -->
      </class> <!-- Tests -->
    </test> <!-- Default test -->
  </suite> <!-- Default suite -->
</testng-results>
