<?xml version="1.0" encoding="UTF-8"?>
<testng-results ignored="0" total="10" passed="8" failed="2" skipped="0">
  <reporter-output>
  </reporter-output>
  <suite started-at="2024-06-23T17:48:41 EET" name="Default suite" finished-at="2024-06-23T17:49:09 EET" duration-ms="28327">
    <groups>
    </groups>
    <test started-at="2024-06-23T17:48:41 EET" name="Default test" finished-at="2024-06-23T17:49:09 EET" duration-ms="28327">
      <class name="Tests">
        <test-method is-config="true" signature="setup()[pri:0, instance:Tests@54e22bdd]" started-at="2024-06-23T17:48:41 EET" name="setup" finished-at="2024-06-23T17:48:56 EET" duration-ms="14826" status="PASS">
          <reporter-output>
          </reporter-output>
        </test-method> <!-- setup -->
        <test-method signature="checkTheLanguage()[pri:1, instance:Tests@54e22bdd]" started-at="2024-06-23T17:48:56 EET" name="checkTheLanguage" finished-at="2024-06-23T17:48:56 EET" duration-ms="91" status="PASS">
          <reporter-output>
          </reporter-output>
        </test-method> <!-- checkTheLanguage -->
        <test-method signature="SARCurrency()[pri:2, instance:Tests@54e22bdd]" started-at="2024-06-23T17:48:56 EET" name="SARCurrency" finished-at="2024-06-23T17:48:56 EET" duration-ms="153" status="PASS">
          <reporter-output>
          </reporter-output>
        </test-method> <!-- SARCurrency -->
        <test-method signature="contactNumber()[pri:3, instance:Tests@54e22bdd]" started-at="2024-06-23T17:48:56 EET" name="contactNumber" finished-at="2024-06-23T17:48:57 EET" duration-ms="646" status="PASS">
          <reporter-output>
          </reporter-output>
        </test-method> <!-- contactNumber -->
        <test-method signature="checkQitafLogoAvailability()[pri:4, instance:Tests@54e22bdd]" started-at="2024-06-23T17:48:57 EET" name="checkQitafLogoAvailability" finished-at="2024-06-23T17:48:59 EET" duration-ms="1691" status="PASS">
          <reporter-output>
          </reporter-output>
        </test-method> <!-- checkQitafLogoAvailability -->
        <test-method signature="checkHotelIfNotSelected()[pri:5, instance:Tests@54e22bdd]" started-at="2024-06-23T17:48:59 EET" name="checkHotelIfNotSelected" finished-at="2024-06-23T17:48:59 EET" duration-ms="161" status="PASS">
          <reporter-output>
          </reporter-output>
        </test-method> <!-- checkHotelIfNotSelected -->
        <test-method signature="checkDepartureAndReturnDates()[pri:6, instance:Tests@54e22bdd]" started-at="2024-06-23T17:48:59 EET" name="checkDepartureAndReturnDates" finished-at="2024-06-23T17:48:59 EET" duration-ms="448" status="PASS">
          <reporter-output>
          </reporter-output>
        </test-method> <!-- checkDepartureAndReturnDates -->
        <test-method signature="ChangeTheLanguageOfTheWebsiteRandomly()[pri:7, instance:Tests@54e22bdd]" started-at="2024-06-23T17:48:59 EET" name="ChangeTheLanguageOfTheWebsiteRandomly" finished-at="2024-06-23T17:49:00 EET" duration-ms="556" status="PASS">
          <reporter-output>
          </reporter-output>
        </test-method> <!-- ChangeTheLanguageOfTheWebsiteRandomly -->
        <test-method signature="HotelSelection()[pri:8, instance:Tests@54e22bdd]" started-at="2024-06-23T17:49:00 EET" name="HotelSelection" finished-at="2024-06-23T17:49:01 EET" duration-ms="1133" status="PASS">
          <reporter-output>
          </reporter-output>
        </test-method> <!-- HotelSelection -->
        <test-method signature="SelectNumberOfPeople()[pri:9, instance:Tests@54e22bdd]" started-at="2024-06-23T17:49:01 EET" name="SelectNumberOfPeople" finished-at="2024-06-23T17:49:09 EET" duration-ms="8462" status="FAIL">
          <exception class="org.openqa.selenium.NoSuchElementException">
            <message>
              <![CDATA[no such element: Unable to locate element: {"method":"xpath","selector":"//button[@data=testid='HotelSearchBox__SearchButton']"}
  (Session info: chrome=126.0.6478.114)
For documentation on this error, please visit: https://www.selenium.dev/documentation/webdriver/troubleshooting/errors#no-such-element-exception
Build info: version: '4.21.0', revision: '79ed462ef4'
System info: os.name: 'Windows 11', os.arch: 'amd64', os.version: '10.0', java.version: '21.0.3'
Driver info: org.openqa.selenium.chrome.ChromeDriver
Command: [d4ac6d4557e061b0d96081e050c04471, findElement {using=xpath, value=//button[@data=testid='HotelSearchBox__SearchButton']}]
Capabilities {acceptInsecureCerts: false, browserName: chrome, browserVersion: 126.0.6478.114, chrome: {chromedriverVersion: 126.0.6478.63 (df799988fdc9..., userDataDir: C:\Users\musal\AppData\Loca...}, fedcm:accounts: true, goog:chromeOptions: {debuggerAddress: localhost:56030}, networkConnectionEnabled: false, pageLoadStrategy: normal, platformName: windows, proxy: Proxy(), se:cdp: ws://localhost:56030/devtoo..., se:cdpVersion: 126.0.6478.114, setWindowRect: true, strictFileInteractability: false, timeouts: {implicit: 0, pageLoad: 300000, script: 30000}, unhandledPromptBehavior: dismiss and notify, webauthn:extension:credBlob: true, webauthn:extension:largeBlob: true, webauthn:extension:minPinLength: true, webauthn:extension:prf: true, webauthn:virtualAuthenticators: true}
Session ID: d4ac6d4557e061b0d96081e050c04471]]>
            </message>
            <full-stacktrace>
              <![CDATA[org.openqa.selenium.NoSuchElementException: no such element: Unable to locate element: {"method":"xpath","selector":"//button[@data=testid='HotelSearchBox__SearchButton']"}
  (Session info: chrome=126.0.6478.114)
For documentation on this error, please visit: https://www.selenium.dev/documentation/webdriver/troubleshooting/errors#no-such-element-exception
Build info: version: '4.21.0', revision: '79ed462ef4'
System info: os.name: 'Windows 11', os.arch: 'amd64', os.version: '10.0', java.version: '21.0.3'
Driver info: org.openqa.selenium.chrome.ChromeDriver
Command: [d4ac6d4557e061b0d96081e050c04471, findElement {using=xpath, value=//button[@data=testid='HotelSearchBox__SearchButton']}]
Capabilities {acceptInsecureCerts: false, browserName: chrome, browserVersion: 126.0.6478.114, chrome: {chromedriverVersion: 126.0.6478.63 (df799988fdc9..., userDataDir: C:\Users\musal\AppData\Loca...}, fedcm:accounts: true, goog:chromeOptions: {debuggerAddress: localhost:56030}, networkConnectionEnabled: false, pageLoadStrategy: normal, platformName: windows, proxy: Proxy(), se:cdp: ws://localhost:56030/devtoo..., se:cdpVersion: 126.0.6478.114, setWindowRect: true, strictFileInteractability: false, timeouts: {implicit: 0, pageLoad: 300000, script: 30000}, unhandledPromptBehavior: dismiss and notify, webauthn:extension:credBlob: true, webauthn:extension:largeBlob: true, webauthn:extension:minPinLength: true, webauthn:extension:prf: true, webauthn:virtualAuthenticators: true}
Session ID: d4ac6d4557e061b0d96081e050c04471
at java.base/jdk.internal.reflect.DirectConstructorHandleAccessor.newInstance(DirectConstructorHandleAccessor.java:62)
at java.base/java.lang.reflect.Constructor.newInstanceWithCaller(Constructor.java:502)
at java.base/java.lang.reflect.Constructor.newInstance(Constructor.java:486)
at org.openqa.selenium.remote.ErrorCodec.decode(ErrorCodec.java:167)
at org.openqa.selenium.remote.codec.w3c.W3CHttpResponseCodec.decode(W3CHttpResponseCodec.java:138)
at org.openqa.selenium.remote.codec.w3c.W3CHttpResponseCodec.decode(W3CHttpResponseCodec.java:50)
at org.openqa.selenium.remote.HttpCommandExecutor.execute(HttpCommandExecutor.java:190)
at org.openqa.selenium.remote.service.DriverCommandExecutor.invokeExecute(DriverCommandExecutor.java:216)
at org.openqa.selenium.remote.service.DriverCommandExecutor.execute(DriverCommandExecutor.java:174)
at org.openqa.selenium.remote.RemoteWebDriver.execute(RemoteWebDriver.java:518)
at org.openqa.selenium.remote.ElementLocation$ElementFinder$2.findElement(ElementLocation.java:165)
at org.openqa.selenium.remote.ElementLocation.findElement(ElementLocation.java:59)
at org.openqa.selenium.remote.RemoteWebDriver.findElement(RemoteWebDriver.java:355)
at org.openqa.selenium.remote.RemoteWebDriver.findElement(RemoteWebDriver.java:349)
at Tests.SelectNumberOfPeople(Tests.java:145)
at java.base/jdk.internal.reflect.DirectMethodHandleAccessor.invoke(DirectMethodHandleAccessor.java:103)
at java.base/java.lang.reflect.Method.invoke(Method.java:580)
at org.testng.internal.invokers.MethodInvocationHelper.invokeMethod(MethodInvocationHelper.java:141)
at org.testng.internal.invokers.TestInvoker.invokeMethod(TestInvoker.java:686)
at org.testng.internal.invokers.TestInvoker.invokeTestMethod(TestInvoker.java:230)
at org.testng.internal.invokers.MethodRunner.runInSequence(MethodRunner.java:63)
at org.testng.internal.invokers.TestInvoker$MethodInvocationAgent.invoke(TestInvoker.java:992)
at org.testng.internal.invokers.TestInvoker.invokeTestMethods(TestInvoker.java:203)
at org.testng.internal.invokers.TestMethodWorker.invokeTestMethods(TestMethodWorker.java:154)
at org.testng.internal.invokers.TestMethodWorker.run(TestMethodWorker.java:134)
at java.base/java.util.ArrayList.forEach(ArrayList.java:1596)
at org.testng.TestRunner.privateRun(TestRunner.java:739)
at org.testng.TestRunner.run(TestRunner.java:614)
at org.testng.SuiteRunner.runTest(SuiteRunner.java:421)
at org.testng.SuiteRunner.runSequentially(SuiteRunner.java:413)
at org.testng.SuiteRunner.privateRun(SuiteRunner.java:373)
at org.testng.SuiteRunner.run(SuiteRunner.java:312)
at org.testng.SuiteRunnerWorker.runSuite(SuiteRunnerWorker.java:52)
at org.testng.SuiteRunnerWorker.run(SuiteRunnerWorker.java:95)
at org.testng.TestNG.runSuitesSequentially(TestNG.java:1274)
at org.testng.TestNG.runSuitesLocally(TestNG.java:1208)
at org.testng.TestNG.runSuites(TestNG.java:1112)
at org.testng.TestNG.run(TestNG.java:1079)
at org.testng.remote.AbstractRemoteTestNG.run(AbstractRemoteTestNG.java:115)
at org.testng.remote.RemoteTestNG.initAndRun(RemoteTestNG.java:293)
at org.testng.remote.RemoteTestNG.main(RemoteTestNG.java:91)
]]>
            </full-stacktrace>
          </exception> <!-- org.openqa.selenium.NoSuchElementException -->
          <reporter-output>
          </reporter-output>
        </test-method> <!-- SelectNumberOfPeople -->
        <test-method signature="checkPageIfFullyLoaded()[pri:10, instance:Tests@54e22bdd]" started-at="2024-06-23T17:49:09 EET" name="checkPageIfFullyLoaded" finished-at="2024-06-23T17:49:09 EET" duration-ms="2" status="FAIL">
          <exception class="java.lang.Error">
            <message>
              <![CDATA[Unresolved compilation problem: 
Syntax error on token ")", delete this token
]]>
            </message>
            <full-stacktrace>
              <![CDATA[java.lang.Error: Unresolved compilation problem: 
Syntax error on token ")", delete this token

at Tests.checkPageIfFullyLoaded(Tests.java:156)
at java.base/jdk.internal.reflect.DirectMethodHandleAccessor.invoke(DirectMethodHandleAccessor.java:103)
at java.base/java.lang.reflect.Method.invoke(Method.java:580)
at org.testng.internal.invokers.MethodInvocationHelper.invokeMethod(MethodInvocationHelper.java:141)
at org.testng.internal.invokers.TestInvoker.invokeMethod(TestInvoker.java:686)
at org.testng.internal.invokers.TestInvoker.invokeTestMethod(TestInvoker.java:230)
at org.testng.internal.invokers.MethodRunner.runInSequence(MethodRunner.java:63)
at org.testng.internal.invokers.TestInvoker$MethodInvocationAgent.invoke(TestInvoker.java:992)
at org.testng.internal.invokers.TestInvoker.invokeTestMethods(TestInvoker.java:203)
at org.testng.internal.invokers.TestMethodWorker.invokeTestMethods(TestMethodWorker.java:154)
at org.testng.internal.invokers.TestMethodWorker.run(TestMethodWorker.java:134)
at java.base/java.util.ArrayList.forEach(ArrayList.java:1596)
at org.testng.TestRunner.privateRun(TestRunner.java:739)
at org.testng.TestRunner.run(TestRunner.java:614)
at org.testng.SuiteRunner.runTest(SuiteRunner.java:421)
at org.testng.SuiteRunner.runSequentially(SuiteRunner.java:413)
at org.testng.SuiteRunner.privateRun(SuiteRunner.java:373)
at org.testng.SuiteRunner.run(SuiteRunner.java:312)
at org.testng.SuiteRunnerWorker.runSuite(SuiteRunnerWorker.java:52)
at org.testng.SuiteRunnerWorker.run(SuiteRunnerWorker.java:95)
at org.testng.TestNG.runSuitesSequentially(TestNG.java:1274)
at org.testng.TestNG.runSuitesLocally(TestNG.java:1208)
at org.testng.TestNG.runSuites(TestNG.java:1112)
at org.testng.TestNG.run(TestNG.java:1079)
at org.testng.remote.AbstractRemoteTestNG.run(AbstractRemoteTestNG.java:115)
at org.testng.remote.RemoteTestNG.initAndRun(RemoteTestNG.java:293)
at org.testng.remote.RemoteTestNG.main(RemoteTestNG.java:91)
]]>
            </full-stacktrace>
          </exception> <!-- java.lang.Error -->
          <reporter-output>
          </reporter-output>
        </test-method> <!-- checkPageIfFullyLoaded -->
      </class> <!-- Tests -->
    </test> <!-- Default test -->
  </suite> <!-- Default suite -->
</testng-results>
